<?xml version="1.0" encoding="UTF-8" ?>
<testsuite failures="0" time="0.073" errors="0" skipped="0" tests="1" name="au.org.theark.report.TestHomePage">
  <properties>
    <property name="java.runtime.name" value="Java(TM) SE Runtime Environment"/>
    <property name="sun.boot.library.path" value="/System/Library/Java/JavaVirtualMachines/1.6.0.jdk/Contents/Libraries"/>
    <property name="java.vm.version" value="19.1-b02-334"/>
    <property name="awt.nativeDoubleBuffering" value="true"/>
    <property name="gopherProxySet" value="false"/>
    <property name="mrj.build" value="10M3326"/>
    <property name="java.vm.vendor" value="Apple Inc."/>
    <property name="java.vendor.url" value="http://www.apple.com/"/>
    <property name="path.separator" value=":"/>
    <property name="java.vm.name" value="Java HotSpot(TM) 64-Bit Server VM"/>
    <property name="file.encoding.pkg" value="sun.io"/>
    <property name="user.country" value="US"/>
    <property name="sun.java.launcher" value="SUN_STANDARD"/>
    <property name="sun.os.patch.level" value="unknown"/>
    <property name="java.vm.specification.name" value="Java Virtual Machine Specification"/>
    <property name="user.dir" value="/Users/elam/workspace/ark-report"/>
    <property name="java.runtime.version" value="1.6.0_24-b07-334-10M3326"/>
    <property name="java.awt.graphicsenv" value="apple.awt.CGraphicsEnvironment"/>
    <property name="basedir" value="/Users/elam/workspace/ark-report"/>
    <property name="java.endorsed.dirs" value="/System/Library/Java/JavaVirtualMachines/1.6.0.jdk/Contents/Home/lib/endorsed"/>
    <property name="os.arch" value="x86_64"/>
    <property name="surefire.real.class.path" value="/Users/elam/workspace/ark-report/target/surefire/surefirebooter3907059197228487930.jar"/>
    <property name="java.io.tmpdir" value="/var/folders/CV/CV1HuuhPG0mfgExgEbk6tU+++TI/-Tmp-/"/>
    <property name="line.separator" value="
"/>
    <property name="java.vm.specification.vendor" value="Sun Microsystems Inc."/>
    <property name="os.name" value="Mac OS X"/>
    <property name="sun.jnu.encoding" value="MacRoman"/>
    <property name="java.library.path" value=".:/Library/Java/Extensions:/System/Library/Java/Extensions:/usr/lib/java"/>
    <property name="surefire.test.class.path" value="/Users/elam/workspace/ark-report/target/test-classes:/Users/elam/workspace/ark-report/target/classes:/Users/elam/.m2/repository/au/org/theark/core/ark-common/1.0-SNAPSHOT/ark-common-1.0-SNAPSHOT.jar:/Users/elam/.m2/repository/commons-beanutils/commons-beanutils/1.7.0/commons-beanutils-1.7.0.jar:/Users/elam/.m2/repository/commons-logging/commons-logging/1.0.3/commons-logging-1.0.3.jar:/Users/elam/.m2/repository/org/apache/wicket/wicket-datetime/1.4.9/wicket-datetime-1.4.9.jar:/Users/elam/.m2/repository/joda-time/joda-time/1.6/joda-time-1.6.jar:/Users/elam/.m2/repository/org/odlabs/wiquery/wiquery/1.0/wiquery-1.0.jar:/Users/elam/.m2/repository/org/apache/shiro/shiro-core/1.1.0/shiro-core-1.1.0.jar:/Users/elam/.m2/repository/org/apache/shiro/shiro-web/1.1.0/shiro-web-1.1.0.jar:/Users/elam/.m2/repository/org/apache/shiro/shiro-spring/1.1.0/shiro-spring-1.1.0.jar:/Users/elam/.m2/repository/org/apache/shiro/shiro-ehcache/1.1.0/shiro-ehcache-1.1.0.jar:/Users/elam/.m2/repository/net/sf/ehcache/ehcache-core/2.2.0/ehcache-core-2.2.0.jar:/Users/elam/.m2/repository/org/springframework/spring/2.5.6/spring-2.5.6.jar:/Users/elam/.m2/repository/org/springframework/ldap/spring-ldap-core/1.3.0.RELEASE/spring-ldap-core-1.3.0.RELEASE.jar:/Users/elam/.m2/repository/commons-lang/commons-lang/2.1/commons-lang-2.1.jar:/Users/elam/.m2/repository/org/springframework/spring-core/2.5.6/spring-core-2.5.6.jar:/Users/elam/.m2/repository/org/springframework/spring-beans/2.5.6/spring-beans-2.5.6.jar:/Users/elam/.m2/repository/org/springframework/spring-tx/2.5.6/spring-tx-2.5.6.jar:/Users/elam/.m2/repository/org/springframework/spring-context/2.5.6/spring-context-2.5.6.jar:/Users/elam/.m2/repository/aopalliance/aopalliance/1.0/aopalliance-1.0.jar:/Users/elam/.m2/repository/org/hibernate/hibernate-core/3.3.1.GA/hibernate-core-3.3.1.GA.jar:/Users/elam/.m2/repository/antlr/antlr/2.7.6/antlr-2.7.6.jar:/Users/elam/.m2/repository/commons-collections/commons-collections/3.1/commons-collections-3.1.jar:/Users/elam/.m2/repository/dom4j/dom4j/1.6.1/dom4j-1.6.1.jar:/Users/elam/.m2/repository/xml-apis/xml-apis/1.0.b2/xml-apis-1.0.b2.jar:/Users/elam/.m2/repository/javax/transaction/jta/1.1/jta-1.1.jar:/Users/elam/.m2/repository/org/hibernate/hibernate-annotations/3.4.0.GA/hibernate-annotations-3.4.0.GA.jar:/Users/elam/.m2/repository/org/hibernate/ejb3-persistence/1.0.2.GA/ejb3-persistence-1.0.2.GA.jar:/Users/elam/.m2/repository/org/hibernate/hibernate-commons-annotations/3.1.0.GA/hibernate-commons-annotations-3.1.0.GA.jar:/Users/elam/.m2/repository/net/sf/opencsv/opencsv/2.0/opencsv-2.0.jar:/Users/elam/.m2/repository/net/sourceforge/javacsv/javacsv/2.0/javacsv-2.0.jar:/Users/elam/.m2/repository/net/sourceforge/jexcelapi/jxl/2.6.10/jxl-2.6.10.jar:/Users/elam/.m2/repository/com/visural/visural-common/0.4.3/visural-common-0.4.3.jar:/Users/elam/.m2/repository/com/visural/visural-wicket/0.6.5/visural-wicket-0.6.5.jar:/Users/elam/.m2/repository/jfree/jfreechart/1.0.13/jfreechart-1.0.13.jar:/Users/elam/.m2/repository/jfree/jcommon/1.0.15/jcommon-1.0.15.jar:/Users/elam/.m2/repository/org/apache/wicket/wicket/1.4.9/wicket-1.4.9.jar:/Users/elam/.m2/repository/org/slf4j/slf4j-api/1.5.8/slf4j-api-1.5.8.jar:/Users/elam/.m2/repository/org/apache/wicket/wicket-extensions/1.4.9/wicket-extensions-1.4.9.jar:/Users/elam/.m2/repository/org/slf4j/slf4j-log4j12/1.4.2/slf4j-log4j12-1.4.2.jar:/Users/elam/.m2/repository/log4j/log4j/1.2.14/log4j-1.2.14.jar:/Users/elam/.m2/repository/junit/junit/3.8.2/junit-3.8.2.jar:/Users/elam/.m2/repository/org/mortbay/jetty/jetty/6.1.4/jetty-6.1.4.jar:/Users/elam/.m2/repository/org/mortbay/jetty/servlet-api-2.5/6.1.4/servlet-api-2.5-6.1.4.jar:/Users/elam/.m2/repository/org/mortbay/jetty/jetty-util/6.1.4/jetty-util-6.1.4.jar:/Users/elam/.m2/repository/org/mortbay/jetty/jetty-management/6.1.4/jetty-management-6.1.4.jar:/Users/elam/.m2/repository/mx4j/mx4j/3.0.1/mx4j-3.0.1.jar:/Users/elam/.m2/repository/mx4j/mx4j-tools/3.0.1/mx4j-tools-3.0.1.jar:"/>
    <property name="java.specification.name" value="Java Platform API Specification"/>
    <property name="java.class.version" value="50.0"/>
    <property name="sun.management.compiler" value="HotSpot 64-Bit Server Compiler"/>
    <property name="os.version" value="10.6.7"/>
    <property name="http.nonProxyHosts" value="local|*.local|169.254/16|*.169.254/16"/>
    <property name="user.home" value="/Users/elam"/>
    <property name="user.timezone" value=""/>
    <property name="java.awt.printerjob" value="apple.awt.CPrinterJob"/>
    <property name="java.specification.version" value="1.6"/>
    <property name="file.encoding" value="MacRoman"/>
    <property name="user.name" value="elam"/>
    <property name="java.class.path" value="/Users/elam/workspace/ark-report/target/test-classes:/Users/elam/workspace/ark-report/target/classes:/Users/elam/.m2/repository/au/org/theark/core/ark-common/1.0-SNAPSHOT/ark-common-1.0-SNAPSHOT.jar:/Users/elam/.m2/repository/commons-beanutils/commons-beanutils/1.7.0/commons-beanutils-1.7.0.jar:/Users/elam/.m2/repository/commons-logging/commons-logging/1.0.3/commons-logging-1.0.3.jar:/Users/elam/.m2/repository/org/apache/wicket/wicket-datetime/1.4.9/wicket-datetime-1.4.9.jar:/Users/elam/.m2/repository/joda-time/joda-time/1.6/joda-time-1.6.jar:/Users/elam/.m2/repository/org/odlabs/wiquery/wiquery/1.0/wiquery-1.0.jar:/Users/elam/.m2/repository/org/apache/shiro/shiro-core/1.1.0/shiro-core-1.1.0.jar:/Users/elam/.m2/repository/org/apache/shiro/shiro-web/1.1.0/shiro-web-1.1.0.jar:/Users/elam/.m2/repository/org/apache/shiro/shiro-spring/1.1.0/shiro-spring-1.1.0.jar:/Users/elam/.m2/repository/org/apache/shiro/shiro-ehcache/1.1.0/shiro-ehcache-1.1.0.jar:/Users/elam/.m2/repository/net/sf/ehcache/ehcache-core/2.2.0/ehcache-core-2.2.0.jar:/Users/elam/.m2/repository/org/springframework/spring/2.5.6/spring-2.5.6.jar:/Users/elam/.m2/repository/org/springframework/ldap/spring-ldap-core/1.3.0.RELEASE/spring-ldap-core-1.3.0.RELEASE.jar:/Users/elam/.m2/repository/commons-lang/commons-lang/2.1/commons-lang-2.1.jar:/Users/elam/.m2/repository/org/springframework/spring-core/2.5.6/spring-core-2.5.6.jar:/Users/elam/.m2/repository/org/springframework/spring-beans/2.5.6/spring-beans-2.5.6.jar:/Users/elam/.m2/repository/org/springframework/spring-tx/2.5.6/spring-tx-2.5.6.jar:/Users/elam/.m2/repository/org/springframework/spring-context/2.5.6/spring-context-2.5.6.jar:/Users/elam/.m2/repository/aopalliance/aopalliance/1.0/aopalliance-1.0.jar:/Users/elam/.m2/repository/org/hibernate/hibernate-core/3.3.1.GA/hibernate-core-3.3.1.GA.jar:/Users/elam/.m2/repository/antlr/antlr/2.7.6/antlr-2.7.6.jar:/Users/elam/.m2/repository/commons-collections/commons-collections/3.1/commons-collections-3.1.jar:/Users/elam/.m2/repository/dom4j/dom4j/1.6.1/dom4j-1.6.1.jar:/Users/elam/.m2/repository/xml-apis/xml-apis/1.0.b2/xml-apis-1.0.b2.jar:/Users/elam/.m2/repository/javax/transaction/jta/1.1/jta-1.1.jar:/Users/elam/.m2/repository/org/hibernate/hibernate-annotations/3.4.0.GA/hibernate-annotations-3.4.0.GA.jar:/Users/elam/.m2/repository/org/hibernate/ejb3-persistence/1.0.2.GA/ejb3-persistence-1.0.2.GA.jar:/Users/elam/.m2/repository/org/hibernate/hibernate-commons-annotations/3.1.0.GA/hibernate-commons-annotations-3.1.0.GA.jar:/Users/elam/.m2/repository/net/sf/opencsv/opencsv/2.0/opencsv-2.0.jar:/Users/elam/.m2/repository/net/sourceforge/javacsv/javacsv/2.0/javacsv-2.0.jar:/Users/elam/.m2/repository/net/sourceforge/jexcelapi/jxl/2.6.10/jxl-2.6.10.jar:/Users/elam/.m2/repository/com/visural/visural-common/0.4.3/visural-common-0.4.3.jar:/Users/elam/.m2/repository/com/visural/visural-wicket/0.6.5/visural-wicket-0.6.5.jar:/Users/elam/.m2/repository/jfree/jfreechart/1.0.13/jfreechart-1.0.13.jar:/Users/elam/.m2/repository/jfree/jcommon/1.0.15/jcommon-1.0.15.jar:/Users/elam/.m2/repository/org/apache/wicket/wicket/1.4.9/wicket-1.4.9.jar:/Users/elam/.m2/repository/org/slf4j/slf4j-api/1.5.8/slf4j-api-1.5.8.jar:/Users/elam/.m2/repository/org/apache/wicket/wicket-extensions/1.4.9/wicket-extensions-1.4.9.jar:/Users/elam/.m2/repository/org/slf4j/slf4j-log4j12/1.4.2/slf4j-log4j12-1.4.2.jar:/Users/elam/.m2/repository/log4j/log4j/1.2.14/log4j-1.2.14.jar:/Users/elam/.m2/repository/junit/junit/3.8.2/junit-3.8.2.jar:/Users/elam/.m2/repository/org/mortbay/jetty/jetty/6.1.4/jetty-6.1.4.jar:/Users/elam/.m2/repository/org/mortbay/jetty/servlet-api-2.5/6.1.4/servlet-api-2.5-6.1.4.jar:/Users/elam/.m2/repository/org/mortbay/jetty/jetty-util/6.1.4/jetty-util-6.1.4.jar:/Users/elam/.m2/repository/org/mortbay/jetty/jetty-management/6.1.4/jetty-management-6.1.4.jar:/Users/elam/.m2/repository/mx4j/mx4j/3.0.1/mx4j-3.0.1.jar:/Users/elam/.m2/repository/mx4j/mx4j-tools/3.0.1/mx4j-tools-3.0.1.jar:"/>
    <property name="java.vm.specification.version" value="1.0"/>
    <property name="sun.arch.data.model" value="64"/>
    <property name="java.home" value="/System/Library/Java/JavaVirtualMachines/1.6.0.jdk/Contents/Home"/>
    <property name="java.specification.vendor" value="Sun Microsystems Inc."/>
    <property name="user.language" value="en"/>
    <property name="awt.toolkit" value="apple.awt.CToolkit"/>
    <property name="java.vm.info" value="mixed mode"/>
    <property name="java.version" value="1.6.0_24"/>
    <property name="java.ext.dirs" value="/Library/Java/Extensions:/System/Library/Java/Extensions:/System/Library/Java/JavaVirtualMachines/1.6.0.jdk/Contents/Home/lib/ext"/>
    <property name="sun.boot.class.path" value="/System/Library/Java/JavaVirtualMachines/1.6.0.jdk/Contents/Classes/jsfd.jar:/System/Library/Java/JavaVirtualMachines/1.6.0.jdk/Contents/Classes/classes.jar:/System/Library/Frameworks/JavaVM.framework/Frameworks/JavaRuntimeSupport.framework/Resources/Java/JavaRuntimeSupport.jar:/System/Library/Java/JavaVirtualMachines/1.6.0.jdk/Contents/Classes/ui.jar:/System/Library/Java/JavaVirtualMachines/1.6.0.jdk/Contents/Classes/laf.jar:/System/Library/Java/JavaVirtualMachines/1.6.0.jdk/Contents/Classes/sunrsasign.jar:/System/Library/Java/JavaVirtualMachines/1.6.0.jdk/Contents/Classes/jsse.jar:/System/Library/Java/JavaVirtualMachines/1.6.0.jdk/Contents/Classes/jce.jar:/System/Library/Java/JavaVirtualMachines/1.6.0.jdk/Contents/Classes/charsets.jar"/>
    <property name="java.vendor" value="Apple Inc."/>
    <property name="localRepository" value="/Users/elam/.m2/repository"/>
    <property name="file.separator" value="/"/>
    <property name="java.vendor.url.bug" value="http://bugreport.apple.com/"/>
    <property name="sun.cpu.endian" value="little"/>
    <property name="sun.io.unicode.encoding" value="UnicodeLittle"/>
    <property name="mrj.version" value="1060.1.6.0_24-334"/>
    <property name="socksNonProxyHosts" value="local|*.local|169.254/16|*.169.254/16"/>
    <property name="ftp.nonProxyHosts" value="local|*.local|169.254/16|*.169.254/16"/>
    <property name="sun.cpu.isalist" value=""/>
  </properties>
  <testcase time="0.002" classname="au.org.theark.report.TestHomePage" name="testRenderMyPage"/>
</testsuite>