<?xml version="1.0" encoding="UTF-8" ?>
<testsuite failures="0" time="0.031" errors="0" skipped="0" tests="11" name="net.tanesha.recaptcha.ReCaptchaImplTest">
  <properties>
    <property name="java.runtime.name" value="Java(TM) SE Runtime Environment"/>
    <property name="sun.boot.library.path" value="/usr/lib/jvm/jdk1.6.0_20/jre/lib/i386"/>
    <property name="java.vm.version" value="16.3-b01"/>
    <property name="java.vm.vendor" value="Sun Microsystems Inc."/>
    <property name="java.vendor.url" value="http://java.sun.com/"/>
    <property name="path.separator" value=":"/>
    <property name="java.vm.name" value="Java HotSpot(TM) Server VM"/>
    <property name="file.encoding.pkg" value="sun.io"/>
    <property name="user.country" value="AU"/>
    <property name="sun.java.launcher" value="SUN_STANDARD"/>
    <property name="sun.os.patch.level" value="unknown"/>
    <property name="java.vm.specification.name" value="Java Virtual Machine Specification"/>
    <property name="user.dir" value="/home/cellis/workspace/recaptcha4j"/>
    <property name="java.runtime.version" value="1.6.0_20-b02"/>
    <property name="java.awt.graphicsenv" value="sun.awt.X11GraphicsEnvironment"/>
    <property name="basedir" value="/home/cellis/workspace/recaptcha4j"/>
    <property name="java.endorsed.dirs" value="/usr/lib/jvm/jdk1.6.0_20/jre/lib/endorsed"/>
    <property name="os.arch" value="i386"/>
    <property name="surefire.real.class.path" value="/home/cellis/workspace/recaptcha4j/target/surefire/surefirebooter4567191896399361928.jar"/>
    <property name="java.io.tmpdir" value="/tmp"/>
    <property name="line.separator" value="
"/>
    <property name="java.vm.specification.vendor" value="Sun Microsystems Inc."/>
    <property name="os.name" value="Linux"/>
    <property name="sun.jnu.encoding" value="UTF-8"/>
    <property name="java.library.path" value="/usr/lib/jvm/jdk1.6.0_20/jre/lib/i386/server:/usr/lib/jvm/jdk1.6.0_20/jre/lib/i386:/usr/lib/jvm/jdk1.6.0_20/jre/../lib/i386:/usr/lib/jvm/jdk1.6.0_20/jre/lib/i386/client:/usr/lib/jvm/jdk1.6.0_20/jre/lib/i386:/usr/lib/xulrunner-addons:/usr/lib/xulrunner-addons:/usr/java/packages/lib/i386:/lib:/usr/lib"/>
    <property name="surefire.test.class.path" value="/home/cellis/workspace/recaptcha4j/target/test-classes:/home/cellis/workspace/recaptcha4j/target/classes:/home/cellis/.m2/repository/junit/junit/3.8.2/junit-3.8.2.jar:"/>
    <property name="java.specification.name" value="Java Platform API Specification"/>
    <property name="java.class.version" value="50.0"/>
    <property name="sun.management.compiler" value="HotSpot Tiered Compilers"/>
    <property name="os.version" value="2.6.32-34-generic-pae"/>
    <property name="user.home" value="/home/cellis"/>
    <property name="user.timezone" value=""/>
    <property name="java.awt.printerjob" value="sun.print.PSPrinterJob"/>
    <property name="file.encoding" value="UTF-8"/>
    <property name="java.specification.version" value="1.6"/>
    <property name="user.name" value="cellis"/>
    <property name="java.class.path" value="/home/cellis/workspace/recaptcha4j/target/test-classes:/home/cellis/workspace/recaptcha4j/target/classes:/home/cellis/.m2/repository/junit/junit/3.8.2/junit-3.8.2.jar:"/>
    <property name="java.vm.specification.version" value="1.0"/>
    <property name="sun.arch.data.model" value="32"/>
    <property name="java.home" value="/usr/lib/jvm/jdk1.6.0_20/jre"/>
    <property name="java.specification.vendor" value="Sun Microsystems Inc."/>
    <property name="user.language" value="en"/>
    <property name="java.vm.info" value="mixed mode"/>
    <property name="java.version" value="1.6.0_20"/>
    <property name="java.ext.dirs" value="/usr/lib/jvm/jdk1.6.0_20/jre/lib/ext:/usr/java/packages/lib/ext"/>
    <property name="sun.boot.class.path" value="/usr/lib/jvm/jdk1.6.0_20/jre/lib/resources.jar:/usr/lib/jvm/jdk1.6.0_20/jre/lib/rt.jar:/usr/lib/jvm/jdk1.6.0_20/jre/lib/sunrsasign.jar:/usr/lib/jvm/jdk1.6.0_20/jre/lib/jsse.jar:/usr/lib/jvm/jdk1.6.0_20/jre/lib/jce.jar:/usr/lib/jvm/jdk1.6.0_20/jre/lib/charsets.jar:/usr/lib/jvm/jdk1.6.0_20/jre/classes"/>
    <property name="java.vendor" value="Sun Microsystems Inc."/>
    <property name="localRepository" value="/home/cellis/.m2/repository"/>
    <property name="file.separator" value="/"/>
    <property name="java.vendor.url.bug" value="http://java.sun.com/cgi-bin/bugreport.cgi"/>
    <property name="sun.cpu.endian" value="little"/>
    <property name="sun.io.unicode.encoding" value="UnicodeLittle"/>
    <property name="sun.desktop" value="gnome"/>
    <property name="sun.cpu.isalist" value=""/>
  </properties>
  <testcase time="0.003" classname="net.tanesha.recaptcha.ReCaptchaImplTest" name="testCreateCaptchaHtml"/>
  <testcase time="0" classname="net.tanesha.recaptcha.ReCaptchaImplTest" name="testNotReachable"/>
  <testcase time="0" classname="net.tanesha.recaptcha.ReCaptchaImplTest" name="testAlternativeVerifyUrl"/>
  <testcase time="0.024" classname="net.tanesha.recaptcha.ReCaptchaImplTest" name="testHtmlIsXhtml"/>
  <testcase time="0" classname="net.tanesha.recaptcha.ReCaptchaImplTest" name="testCheckAnswer"/>
  <testcase time="0" classname="net.tanesha.recaptcha.ReCaptchaImplTest" name="testCheckAnswer_02"/>
  <testcase time="0" classname="net.tanesha.recaptcha.ReCaptchaImplTest" name="testCheckAnswer_03"/>
  <testcase time="0" classname="net.tanesha.recaptcha.ReCaptchaImplTest" name="testCheckAnswer_04"/>
  <testcase time="0" classname="net.tanesha.recaptcha.ReCaptchaImplTest" name="testCheckAnswer_05"/>
  <testcase time="0" classname="net.tanesha.recaptcha.ReCaptchaImplTest" name="testCheckAnswer_06"/>
  <testcase time="0" classname="net.tanesha.recaptcha.ReCaptchaImplTest" name="testCheckAnswer_07"/>
</testsuite>