<?xml version="1.0" encoding="UTF-8" ?>
<testsuite failures="0" time="0.037" errors="0" skipped="0" tests="1" name="au.org.theark.core.TestHomePage">
  <properties>
    <property name="java.vendor" value="Sun Microsystems Inc."/>
    <property name="env.SESSION_MANAGER" value="local/torres:/tmp/.ICE-unix/6655"/>
    <property name="env.LESSOPEN" value="| /usr/bin/lesspipe %s"/>
    <property name="localRepository" value="/home/nivedann/.m2/repository"/>
    <property name="sun.java.launcher" value="SUN_STANDARD"/>
    <property name="sun.management.compiler" value="HotSpot Tiered Compilers"/>
    <property name="os.name" value="Linux"/>
    <property name="sun.boot.class.path" value="/usr/lib/jvm/java-6-sun-1.6.0.10/jre/lib/resources.jar:/usr/lib/jvm/java-6-sun-1.6.0.10/jre/lib/rt.jar:/usr/lib/jvm/java-6-sun-1.6.0.10/jre/lib/sunrsasign.jar:/usr/lib/jvm/java-6-sun-1.6.0.10/jre/lib/jsse.jar:/usr/lib/jvm/java-6-sun-1.6.0.10/jre/lib/jce.jar:/usr/lib/jvm/java-6-sun-1.6.0.10/jre/lib/charsets.jar:/usr/lib/jvm/java-6-sun-1.6.0.10/jre/classes"/>
    <property name="env.PWD" value="/home/nivedann/the-ark-projects/ark-common"/>
    <property name="env.XDG_SESSION_COOKIE" value="ffdd371eff2c033e0a48db0046f0c436-1273654764.903465-1140377922"/>
    <property name="sun.desktop" value="gnome"/>
    <property name="env.LANG" value="en_AU.UTF-8"/>
    <property name="java.vm.specification.vendor" value="Sun Microsystems Inc."/>
    <property name="java.runtime.version" value="1.6.0_10-b33"/>
    <property name="env.DISPLAY" value=":0.0"/>
    <property name="user.name" value="nivedann"/>
    <property name="env._" value="/usr/bin/mvn"/>
    <property name="env.USER" value="nivedann"/>
    <property name="env.HISTCONTROL" value="ignoreboth"/>
    <property name="env.SHELL" value="/bin/bash"/>
    <property name="env.DESKTOP_SESSION" value="default"/>
    <property name="env.XDG_DATA_DIRS" value="/usr/local/share/:/usr/share/:/usr/share/gdm/"/>
    <property name="env.NLSPATH" value="/usr/dt/lib/nls/msg/%L/%N.cat"/>
    <property name="env.PATH" value="/usr/local/sbin:/usr/local/bin:/usr/sbin:/usr/bin:/sbin:/bin:/usr/games:/usr/lib/jvm/java-6-sun/bin"/>
    <property name="user.language" value="en"/>
    <property name="sun.boot.library.path" value="/usr/lib/jvm/java-6-sun-1.6.0.10/jre/lib/i386"/>
    <property name="classworlds.conf" value="/usr/share/maven2/bin/m2.conf"/>
    <property name="java.version" value="1.6.0_10"/>
    <property name="user.timezone" value="Australia/West"/>
    <property name="env.DBUS_SESSION_BUS_ADDRESS" value="unix:abstract=/tmp/dbus-nFU93EVbUl,guid=8e423f330231df5cbd00f1a24bea6dee"/>
    <property name="sun.arch.data.model" value="32"/>
    <property name="java.endorsed.dirs" value="/usr/lib/jvm/java-6-sun-1.6.0.10/jre/lib/endorsed"/>
    <property name="sun.cpu.isalist" value=""/>
    <property name="sun.jnu.encoding" value="UTF-8"/>
    <property name="file.encoding.pkg" value="sun.io"/>
    <property name="env.SHLVL" value="1"/>
    <property name="file.separator" value="/"/>
    <property name="java.specification.name" value="Java Platform API Specification"/>
    <property name="env.GNOME_DESKTOP_SESSION_ID" value="this-is-deprecated"/>
    <property name="java.class.version" value="50.0"/>
    <property name="env.GDMSESSION" value="default"/>
    <property name="user.country" value="AU"/>
    <property name="env.GNOME_KEYRING_PID" value="6644"/>
    <property name="java.home" value="/usr/lib/jvm/java-6-sun-1.6.0.10/jre"/>
    <property name="java.vm.info" value="mixed mode"/>
    <property name="env.LOGNAME" value="nivedann"/>
    <property name="os.version" value="2.6.27-14-generic"/>
    <property name="path.separator" value=":"/>
    <property name="java.vm.version" value="11.0-b15"/>
    <property name="env.JAVA_HOME" value="/usr/lib/jvm/java-6-sun"/>
    <property name="java.awt.printerjob" value="sun.print.PSPrinterJob"/>
    <property name="env.TERM" value="xterm"/>
    <property name="env.WINDOWPATH" value="7"/>
    <property name="sun.io.unicode.encoding" value="UnicodeLittle"/>
    <property name="env.GDM_LANG" value="en_AU.UTF-8"/>
    <property name="user.home" value="/home/nivedann"/>
    <property name="env.OLDPWD" value="/home/nivedann/the-ark-projects"/>
    <property name="java.specification.vendor" value="Sun Microsystems Inc."/>
    <property name="env.WINDOWID" value="57147036"/>
    <property name="java.library.path" value="/usr/lib/jvm/java-6-sun-1.6.0.10/jre/lib/i386/server:/usr/lib/jvm/java-6-sun-1.6.0.10/jre/lib/i386:/usr/lib/jvm/java-6-sun-1.6.0.10/jre/../lib/i386:/usr/java/packages/lib/i386:/lib:/usr/lib"/>
    <property name="java.vendor.url" value="http://java.sun.com/"/>
    <property name="env.GDM_XSERVER_LOCATION" value="local"/>
    <property name="java.vm.vendor" value="Sun Microsystems Inc."/>
    <property name="maven.home" value="/usr/share/maven2"/>
    <property name="java.runtime.name" value="Java(TM) SE Runtime Environment"/>
    <property name="java.class.path" value="/usr/share/maven2/boot/classworlds.jar"/>
    <property name="env.XFILESEARCHPATH" value="/usr/dt/app-defaults/%L/Dt"/>
    <property name="java.vm.specification.name" value="Java Virtual Machine Specification"/>
    <property name="java.vm.specification.version" value="1.0"/>
    <property name="sun.os.patch.level" value="unknown"/>
    <property name="sun.cpu.endian" value="little"/>
    <property name="env.GTK_RC_FILES" value="/etc/gtk/gtkrc:/home/nivedann/.gtkrc-1.2-gnome2"/>
    <property name="env.HOME" value="/home/nivedann"/>
    <property name="surefire.test.class.path" value="/home/nivedann/the-ark-projects/ark-common/target/test-classes:/home/nivedann/the-ark-projects/ark-common/target/classes:/home/nivedann/.m2/repository/org/apache/wicket/wicket/1.4.9/wicket-1.4.9.jar:/home/nivedann/.m2/repository/org/slf4j/slf4j-api/1.5.8/slf4j-api-1.5.8.jar:/home/nivedann/.m2/repository/org/apache/wicket/wicket-extensions/1.4.9/wicket-extensions-1.4.9.jar:/home/nivedann/.m2/repository/org/apache/shiro/shiro-core/1.0-incubating-SNAPSHOT/shiro-core-1.0-incubating-SNAPSHOT.jar:/home/nivedann/.m2/repository/commons-beanutils/commons-beanutils/1.7.0/commons-beanutils-1.7.0.jar:/home/nivedann/.m2/repository/org/apache/shiro/shiro-web/1.0-incubating-SNAPSHOT/shiro-web-1.0-incubating-SNAPSHOT.jar:/home/nivedann/.m2/repository/javax/servlet/jstl/1.2/jstl-1.2.jar:/home/nivedann/.m2/repository/org/apache/shiro/shiro-spring/1.0-incubating-SNAPSHOT/shiro-spring-1.0-incubating-SNAPSHOT.jar:/home/nivedann/.m2/repository/org/springframework/spring/2.5.6/spring-2.5.6.jar:/home/nivedann/.m2/repository/commons-logging/commons-logging/1.1.1/commons-logging-1.1.1.jar:/home/nivedann/.m2/repository/org/springframework/ldap/spring-ldap-core/1.3.0.RELEASE/spring-ldap-core-1.3.0.RELEASE.jar:/home/nivedann/.m2/repository/commons-lang/commons-lang/2.1/commons-lang-2.1.jar:/home/nivedann/.m2/repository/org/springframework/spring-core/2.5.6/spring-core-2.5.6.jar:/home/nivedann/.m2/repository/org/springframework/spring-beans/2.5.6/spring-beans-2.5.6.jar:/home/nivedann/.m2/repository/org/springframework/spring-tx/2.5.6/spring-tx-2.5.6.jar:/home/nivedann/.m2/repository/org/springframework/spring-context/2.5.6/spring-context-2.5.6.jar:/home/nivedann/.m2/repository/aopalliance/aopalliance/1.0/aopalliance-1.0.jar:/home/nivedann/.m2/repository/org/hibernate/hibernate-core/3.3.1.GA/hibernate-core-3.3.1.GA.jar:/home/nivedann/.m2/repository/antlr/antlr/2.7.6/antlr-2.7.6.jar:/home/nivedann/.m2/repository/commons-collections/commons-collections/3.1/commons-collections-3.1.jar:/home/nivedann/.m2/repository/dom4j/dom4j/1.6.1/dom4j-1.6.1.jar:/home/nivedann/.m2/repository/xml-apis/xml-apis/1.0.b2/xml-apis-1.0.b2.jar:/home/nivedann/.m2/repository/javax/transaction/jta/1.1/jta-1.1.jar:/home/nivedann/.m2/repository/org/hibernate/hibernate-annotations/3.4.0.GA/hibernate-annotations-3.4.0.GA.jar:/home/nivedann/.m2/repository/org/hibernate/ejb3-persistence/1.0.2.GA/ejb3-persistence-1.0.2.GA.jar:/home/nivedann/.m2/repository/org/hibernate/hibernate-commons-annotations/3.1.0.GA/hibernate-commons-annotations-3.1.0.GA.jar:/home/nivedann/.m2/repository/org/slf4j/slf4j-log4j12/1.4.2/slf4j-log4j12-1.4.2.jar:/home/nivedann/.m2/repository/log4j/log4j/1.2.14/log4j-1.2.14.jar:/home/nivedann/.m2/repository/junit/junit/3.8.2/junit-3.8.2.jar:/home/nivedann/.m2/repository/org/mortbay/jetty/jetty/6.1.4/jetty-6.1.4.jar:/home/nivedann/.m2/repository/org/mortbay/jetty/jetty-util/6.1.4/jetty-util-6.1.4.jar:/home/nivedann/.m2/repository/org/mortbay/jetty/servlet-api-2.5/6.1.4/servlet-api-2.5-6.1.4.jar:/home/nivedann/.m2/repository/org/mortbay/jetty/jetty-management/6.1.4/jetty-management-6.1.4.jar:/home/nivedann/.m2/repository/mx4j/mx4j/3.0.1/mx4j-3.0.1.jar:/home/nivedann/.m2/repository/mx4j/mx4j-tools/3.0.1/mx4j-tools-3.0.1.jar:"/>
    <property name="java.io.tmpdir" value="/tmp"/>
    <property name="env.LD_LIBRARY_PATH" value="/usr/lib/jvm/java-6-sun-1.6.0.10/jre/lib/i386/server:/usr/lib/jvm/java-6-sun-1.6.0.10/jre/lib/i386:/usr/lib/jvm/java-6-sun-1.6.0.10/jre/../lib/i386"/>
    <property name="env.LS_COLORS" value="no=00:fi=00:di=01;34:ln=01;36:pi=40;33:so=01;35:do=01;35:bd=40;33;01:cd=40;33;01:or=40;31;01:su=37;41:sg=30;43:tw=30;42:ow=34;42:st=37;44:ex=01;32:*.tar=01;31:*.tgz=01;31:*.svgz=01;31:*.arj=01;31:*.taz=01;31:*.lzh=01;31:*.lzma=01;31:*.zip=01;31:*.z=01;31:*.Z=01;31:*.dz=01;31:*.gz=01;31:*.bz2=01;31:*.bz=01;31:*.tbz2=01;31:*.tz=01;31:*.deb=01;31:*.rpm=01;31:*.jar=01;31:*.rar=01;31:*.ace=01;31:*.zoo=01;31:*.cpio=01;31:*.7z=01;31:*.rz=01;31:*.jpg=01;35:*.jpeg=01;35:*.gif=01;35:*.bmp=01;35:*.pbm=01;35:*.pgm=01;35:*.ppm=01;35:*.tga=01;35:*.xbm=01;35:*.xpm=01;35:*.tif=01;35:*.tiff=01;35:*.png=01;35:*.svg=01;35:*.mng=01;35:*.pcx=01;35:*.mov=01;35:*.mpg=01;35:*.mpeg=01;35:*.m2v=01;35:*.mkv=01;35:*.ogm=01;35:*.mp4=01;35:*.m4v=01;35:*.mp4v=01;35:*.vob=01;35:*.qt=01;35:*.nuv=01;35:*.wmv=01;35:*.asf=01;35:*.rm=01;35:*.rmvb=01;35:*.flc=01;35:*.avi=01;35:*.fli=01;35:*.gl=01;35:*.dl=01;35:*.xcf=01;35:*.xwd=01;35:*.yuv=01;35:*.aac=00;36:*.au=00;36:*.flac=00;36:*.mid=00;36:*.midi=00;36:*.mka=00;36:*.mp3=00;36:*.mpc=00;36:*.ogg=00;36:*.ra=00;36:*.wav=00;36:"/>
    <property name="java.vendor.url.bug" value="http://java.sun.com/cgi-bin/bugreport.cgi"/>
    <property name="env.SSH_AUTH_SOCK" value="/tmp/keyring-xUkgf8/ssh"/>
    <property name="java.awt.graphicsenv" value="sun.awt.X11GraphicsEnvironment"/>
    <property name="os.arch" value="i386"/>
    <property name="java.ext.dirs" value="/usr/lib/jvm/java-6-sun-1.6.0.10/jre/lib/ext:/usr/java/packages/lib/ext"/>
    <property name="user.dir" value="/home/nivedann/the-ark-projects/ark-common"/>
    <property name="env.XAUTHORITY" value="/home/nivedann/.Xauthority"/>
    <property name="line.separator" value="
"/>
    <property name="java.vm.name" value="Java HotSpot(TM) Server VM"/>
    <property name="env.COLORTERM" value="gnome-terminal"/>
    <property name="basedir" value="/home/nivedann/the-ark-projects/ark-common"/>
    <property name="env.ORBIT_SOCKETDIR" value="/tmp/orbit-nivedann"/>
    <property name="env.USERNAME" value="nivedann"/>
    <property name="file.encoding" value="UTF-8"/>
    <property name="env.GNOME_KEYRING_SOCKET" value="/tmp/keyring-xUkgf8/socket"/>
    <property name="env.GPG_AGENT_INFO" value="/tmp/seahorse-OuFWEC/S.gpg-agent:6727:1"/>
    <property name="java.specification.version" value="1.6"/>
    <property name="env.LESSCLOSE" value="/usr/bin/lesspipe %s %s"/>
  </properties>
  <testcase time="0.005" classname="au.org.theark.core.TestHomePage" name="testRenderMyPage"/>
</testsuite>