<?xml version="1.0" encoding="UTF-8" ?>
<testsuite failures="0" time="0.012" errors="0" skipped="0" tests="1" name="au.org.theark.lims.TestHomePage">
  <properties>
    <property name="java.runtime.name" value="Java(TM) SE Runtime Environment"/>
    <property name="sun.boot.library.path" value="/usr/lib/jvm/jdk1.6.0_20/jre/lib/i386"/>
    <property name="java.vm.version" value="16.3-b01"/>
    <property name="java.vm.vendor" value="Sun Microsystems Inc."/>
    <property name="java.vendor.url" value="http://java.sun.com/"/>
    <property name="path.separator" value=":"/>
    <property name="java.vm.name" value="Java HotSpot(TM) Server VM"/>
    <property name="file.encoding.pkg" value="sun.io"/>
    <property name="user.country" value="AU"/>
    <property name="sun.java.launcher" value="SUN_STANDARD"/>
    <property name="sun.os.patch.level" value="unknown"/>
    <property name="java.vm.specification.name" value="Java Virtual Machine Specification"/>
    <property name="user.dir" value="/home/cellis/workspace/ark-lims"/>
    <property name="java.runtime.version" value="1.6.0_20-b02"/>
    <property name="java.awt.graphicsenv" value="sun.awt.X11GraphicsEnvironment"/>
    <property name="basedir" value="/home/cellis/workspace/ark-lims"/>
    <property name="java.endorsed.dirs" value="/usr/lib/jvm/jdk1.6.0_20/jre/lib/endorsed"/>
    <property name="os.arch" value="i386"/>
    <property name="surefire.real.class.path" value="/home/cellis/workspace/ark-lims/target/surefire/surefirebooter7020473226945611287.jar"/>
    <property name="java.io.tmpdir" value="/tmp"/>
    <property name="line.separator" value="
"/>
    <property name="java.vm.specification.vendor" value="Sun Microsystems Inc."/>
    <property name="os.name" value="Linux"/>
    <property name="sun.jnu.encoding" value="UTF-8"/>
    <property name="java.library.path" value="/usr/lib/jvm/jdk1.6.0_20/jre/lib/i386/server:/usr/lib/jvm/jdk1.6.0_20/jre/lib/i386:/usr/lib/jvm/jdk1.6.0_20/jre/../lib/i386:/usr/lib/jvm/jdk1.6.0_20/jre/lib/i386/client:/usr/lib/jvm/jdk1.6.0_20/jre/lib/i386:/usr/lib/xulrunner-addons:/usr/lib/xulrunner-addons:/usr/java/packages/lib/i386:/lib:/usr/lib"/>
    <property name="surefire.test.class.path" value="/home/cellis/workspace/ark-lims/target/test-classes:/home/cellis/workspace/ark-lims/target/classes:/home/cellis/.m2/repository/au/org/theark/core/ark-common/1.0-SNAPSHOT/ark-common-1.0-SNAPSHOT.jar:/home/cellis/.m2/repository/org/apache/wicket/wicket-extensions/1.4.9/wicket-extensions-1.4.9.jar:/home/cellis/.m2/repository/commons-beanutils/commons-beanutils/1.7.0/commons-beanutils-1.7.0.jar:/home/cellis/.m2/repository/commons-logging/commons-logging/1.0.3/commons-logging-1.0.3.jar:/home/cellis/.m2/repository/org/apache/wicket/wicket-datetime/1.4.9/wicket-datetime-1.4.9.jar:/home/cellis/.m2/repository/joda-time/joda-time/1.6/joda-time-1.6.jar:/home/cellis/.m2/repository/org/odlabs/wiquery/wiquery/1.0/wiquery-1.0.jar:/home/cellis/.m2/repository/org/apache/shiro/shiro-core/1.1.0/shiro-core-1.1.0.jar:/home/cellis/.m2/repository/org/apache/shiro/shiro-web/1.1.0/shiro-web-1.1.0.jar:/home/cellis/.m2/repository/org/apache/shiro/shiro-spring/1.1.0/shiro-spring-1.1.0.jar:/home/cellis/.m2/repository/org/apache/shiro/shiro-ehcache/1.1.0/shiro-ehcache-1.1.0.jar:/home/cellis/.m2/repository/net/sf/ehcache/ehcache-core/2.2.0/ehcache-core-2.2.0.jar:/home/cellis/.m2/repository/org/apache/wicket/wicket-spring/1.4.9/wicket-spring-1.4.9.jar:/home/cellis/.m2/repository/org/apache/wicket/wicket-ioc/1.4.9/wicket-ioc-1.4.9.jar:/home/cellis/.m2/repository/cglib/cglib-nodep/2.1_3/cglib-nodep-2.1_3.jar:/home/cellis/.m2/repository/org/springframework/spring/2.5.6/spring-2.5.6.jar:/home/cellis/.m2/repository/org/springframework/ldap/spring-ldap-core/1.3.0.RELEASE/spring-ldap-core-1.3.0.RELEASE.jar:/home/cellis/.m2/repository/commons-lang/commons-lang/2.1/commons-lang-2.1.jar:/home/cellis/.m2/repository/org/springframework/spring-core/2.5.6/spring-core-2.5.6.jar:/home/cellis/.m2/repository/org/springframework/spring-beans/2.5.6/spring-beans-2.5.6.jar:/home/cellis/.m2/repository/org/springframework/spring-tx/2.5.6/spring-tx-2.5.6.jar:/home/cellis/.m2/repository/org/springframework/spring-context/2.5.6/spring-context-2.5.6.jar:/home/cellis/.m2/repository/aopalliance/aopalliance/1.0/aopalliance-1.0.jar:/home/cellis/.m2/repository/org/hibernate/hibernate-core/3.3.1.GA/hibernate-core-3.3.1.GA.jar:/home/cellis/.m2/repository/antlr/antlr/2.7.6/antlr-2.7.6.jar:/home/cellis/.m2/repository/commons-collections/commons-collections/3.1/commons-collections-3.1.jar:/home/cellis/.m2/repository/dom4j/dom4j/1.6.1/dom4j-1.6.1.jar:/home/cellis/.m2/repository/xml-apis/xml-apis/1.0.b2/xml-apis-1.0.b2.jar:/home/cellis/.m2/repository/javax/transaction/jta/1.1/jta-1.1.jar:/home/cellis/.m2/repository/org/hibernate/hibernate-annotations/3.4.0.GA/hibernate-annotations-3.4.0.GA.jar:/home/cellis/.m2/repository/org/hibernate/ejb3-persistence/1.0.2.GA/ejb3-persistence-1.0.2.GA.jar:/home/cellis/.m2/repository/org/hibernate/hibernate-commons-annotations/3.1.0.GA/hibernate-commons-annotations-3.1.0.GA.jar:/home/cellis/.m2/repository/net/sf/opencsv/opencsv/2.0/opencsv-2.0.jar:/home/cellis/.m2/repository/net/sourceforge/javacsv/javacsv/2.0/javacsv-2.0.jar:/home/cellis/.m2/repository/net/sourceforge/jexcelapi/jxl/2.6.10/jxl-2.6.10.jar:/home/cellis/.m2/repository/com/visural/visural-common/0.4.3/visural-common-0.4.3.jar:/home/cellis/.m2/repository/com/visural/visural-wicket/0.6.5/visural-wicket-0.6.5.jar:/home/cellis/.m2/repository/jfree/jfreechart/1.0.13/jfreechart-1.0.13.jar:/home/cellis/.m2/repository/jfree/jcommon/1.0.15/jcommon-1.0.15.jar:/home/cellis/.m2/repository/org/apache/wicket/wicket/1.4.9/wicket-1.4.9.jar:/home/cellis/.m2/repository/org/slf4j/slf4j-api/1.5.8/slf4j-api-1.5.8.jar:/home/cellis/.m2/repository/org/slf4j/slf4j-log4j12/1.4.2/slf4j-log4j12-1.4.2.jar:/home/cellis/.m2/repository/log4j/log4j/1.2.14/log4j-1.2.14.jar:/home/cellis/.m2/repository/junit/junit/3.8.2/junit-3.8.2.jar:/home/cellis/.m2/repository/org/mortbay/jetty/jetty/6.1.4/jetty-6.1.4.jar:/home/cellis/.m2/repository/org/mortbay/jetty/servlet-api-2.5/6.1.4/servlet-api-2.5-6.1.4.jar:/home/cellis/.m2/repository/org/mortbay/jetty/jetty-util/6.1.4/jetty-util-6.1.4.jar:/home/cellis/.m2/repository/org/mortbay/jetty/jetty-management/6.1.4/jetty-management-6.1.4.jar:/home/cellis/.m2/repository/mx4j/mx4j/3.0.1/mx4j-3.0.1.jar:/home/cellis/.m2/repository/mx4j/mx4j-tools/3.0.1/mx4j-tools-3.0.1.jar:"/>
    <property name="java.specification.name" value="Java Platform API Specification"/>
    <property name="java.class.version" value="50.0"/>
    <property name="sun.management.compiler" value="HotSpot Tiered Compilers"/>
    <property name="os.version" value="2.6.32-32-generic-pae"/>
    <property name="user.home" value="/home/cellis"/>
    <property name="user.timezone" value=""/>
    <property name="java.awt.printerjob" value="sun.print.PSPrinterJob"/>
    <property name="file.encoding" value="UTF-8"/>
    <property name="java.specification.version" value="1.6"/>
    <property name="user.name" value="cellis"/>
    <property name="java.class.path" value="/home/cellis/workspace/ark-lims/target/test-classes:/home/cellis/workspace/ark-lims/target/classes:/home/cellis/.m2/repository/au/org/theark/core/ark-common/1.0-SNAPSHOT/ark-common-1.0-SNAPSHOT.jar:/home/cellis/.m2/repository/org/apache/wicket/wicket-extensions/1.4.9/wicket-extensions-1.4.9.jar:/home/cellis/.m2/repository/commons-beanutils/commons-beanutils/1.7.0/commons-beanutils-1.7.0.jar:/home/cellis/.m2/repository/commons-logging/commons-logging/1.0.3/commons-logging-1.0.3.jar:/home/cellis/.m2/repository/org/apache/wicket/wicket-datetime/1.4.9/wicket-datetime-1.4.9.jar:/home/cellis/.m2/repository/joda-time/joda-time/1.6/joda-time-1.6.jar:/home/cellis/.m2/repository/org/odlabs/wiquery/wiquery/1.0/wiquery-1.0.jar:/home/cellis/.m2/repository/org/apache/shiro/shiro-core/1.1.0/shiro-core-1.1.0.jar:/home/cellis/.m2/repository/org/apache/shiro/shiro-web/1.1.0/shiro-web-1.1.0.jar:/home/cellis/.m2/repository/org/apache/shiro/shiro-spring/1.1.0/shiro-spring-1.1.0.jar:/home/cellis/.m2/repository/org/apache/shiro/shiro-ehcache/1.1.0/shiro-ehcache-1.1.0.jar:/home/cellis/.m2/repository/net/sf/ehcache/ehcache-core/2.2.0/ehcache-core-2.2.0.jar:/home/cellis/.m2/repository/org/apache/wicket/wicket-spring/1.4.9/wicket-spring-1.4.9.jar:/home/cellis/.m2/repository/org/apache/wicket/wicket-ioc/1.4.9/wicket-ioc-1.4.9.jar:/home/cellis/.m2/repository/cglib/cglib-nodep/2.1_3/cglib-nodep-2.1_3.jar:/home/cellis/.m2/repository/org/springframework/spring/2.5.6/spring-2.5.6.jar:/home/cellis/.m2/repository/org/springframework/ldap/spring-ldap-core/1.3.0.RELEASE/spring-ldap-core-1.3.0.RELEASE.jar:/home/cellis/.m2/repository/commons-lang/commons-lang/2.1/commons-lang-2.1.jar:/home/cellis/.m2/repository/org/springframework/spring-core/2.5.6/spring-core-2.5.6.jar:/home/cellis/.m2/repository/org/springframework/spring-beans/2.5.6/spring-beans-2.5.6.jar:/home/cellis/.m2/repository/org/springframework/spring-tx/2.5.6/spring-tx-2.5.6.jar:/home/cellis/.m2/repository/org/springframework/spring-context/2.5.6/spring-context-2.5.6.jar:/home/cellis/.m2/repository/aopalliance/aopalliance/1.0/aopalliance-1.0.jar:/home/cellis/.m2/repository/org/hibernate/hibernate-core/3.3.1.GA/hibernate-core-3.3.1.GA.jar:/home/cellis/.m2/repository/antlr/antlr/2.7.6/antlr-2.7.6.jar:/home/cellis/.m2/repository/commons-collections/commons-collections/3.1/commons-collections-3.1.jar:/home/cellis/.m2/repository/dom4j/dom4j/1.6.1/dom4j-1.6.1.jar:/home/cellis/.m2/repository/xml-apis/xml-apis/1.0.b2/xml-apis-1.0.b2.jar:/home/cellis/.m2/repository/javax/transaction/jta/1.1/jta-1.1.jar:/home/cellis/.m2/repository/org/hibernate/hibernate-annotations/3.4.0.GA/hibernate-annotations-3.4.0.GA.jar:/home/cellis/.m2/repository/org/hibernate/ejb3-persistence/1.0.2.GA/ejb3-persistence-1.0.2.GA.jar:/home/cellis/.m2/repository/org/hibernate/hibernate-commons-annotations/3.1.0.GA/hibernate-commons-annotations-3.1.0.GA.jar:/home/cellis/.m2/repository/net/sf/opencsv/opencsv/2.0/opencsv-2.0.jar:/home/cellis/.m2/repository/net/sourceforge/javacsv/javacsv/2.0/javacsv-2.0.jar:/home/cellis/.m2/repository/net/sourceforge/jexcelapi/jxl/2.6.10/jxl-2.6.10.jar:/home/cellis/.m2/repository/com/visural/visural-common/0.4.3/visural-common-0.4.3.jar:/home/cellis/.m2/repository/com/visural/visural-wicket/0.6.5/visural-wicket-0.6.5.jar:/home/cellis/.m2/repository/jfree/jfreechart/1.0.13/jfreechart-1.0.13.jar:/home/cellis/.m2/repository/jfree/jcommon/1.0.15/jcommon-1.0.15.jar:/home/cellis/.m2/repository/org/apache/wicket/wicket/1.4.9/wicket-1.4.9.jar:/home/cellis/.m2/repository/org/slf4j/slf4j-api/1.5.8/slf4j-api-1.5.8.jar:/home/cellis/.m2/repository/org/slf4j/slf4j-log4j12/1.4.2/slf4j-log4j12-1.4.2.jar:/home/cellis/.m2/repository/log4j/log4j/1.2.14/log4j-1.2.14.jar:/home/cellis/.m2/repository/junit/junit/3.8.2/junit-3.8.2.jar:/home/cellis/.m2/repository/org/mortbay/jetty/jetty/6.1.4/jetty-6.1.4.jar:/home/cellis/.m2/repository/org/mortbay/jetty/servlet-api-2.5/6.1.4/servlet-api-2.5-6.1.4.jar:/home/cellis/.m2/repository/org/mortbay/jetty/jetty-util/6.1.4/jetty-util-6.1.4.jar:/home/cellis/.m2/repository/org/mortbay/jetty/jetty-management/6.1.4/jetty-management-6.1.4.jar:/home/cellis/.m2/repository/mx4j/mx4j/3.0.1/mx4j-3.0.1.jar:/home/cellis/.m2/repository/mx4j/mx4j-tools/3.0.1/mx4j-tools-3.0.1.jar:"/>
    <property name="java.vm.specification.version" value="1.0"/>
    <property name="sun.arch.data.model" value="32"/>
    <property name="java.home" value="/usr/lib/jvm/jdk1.6.0_20/jre"/>
    <property name="java.specification.vendor" value="Sun Microsystems Inc."/>
    <property name="user.language" value="en"/>
    <property name="java.vm.info" value="mixed mode"/>
    <property name="java.version" value="1.6.0_20"/>
    <property name="java.ext.dirs" value="/usr/lib/jvm/jdk1.6.0_20/jre/lib/ext:/usr/java/packages/lib/ext"/>
    <property name="sun.boot.class.path" value="/usr/lib/jvm/jdk1.6.0_20/jre/lib/resources.jar:/usr/lib/jvm/jdk1.6.0_20/jre/lib/rt.jar:/usr/lib/jvm/jdk1.6.0_20/jre/lib/sunrsasign.jar:/usr/lib/jvm/jdk1.6.0_20/jre/lib/jsse.jar:/usr/lib/jvm/jdk1.6.0_20/jre/lib/jce.jar:/usr/lib/jvm/jdk1.6.0_20/jre/lib/charsets.jar:/usr/lib/jvm/jdk1.6.0_20/jre/classes"/>
    <property name="java.vendor" value="Sun Microsystems Inc."/>
    <property name="localRepository" value="/home/cellis/.m2/repository"/>
    <property name="file.separator" value="/"/>
    <property name="java.vendor.url.bug" value="http://java.sun.com/cgi-bin/bugreport.cgi"/>
    <property name="sun.cpu.endian" value="little"/>
    <property name="sun.io.unicode.encoding" value="UnicodeLittle"/>
    <property name="sun.desktop" value="gnome"/>
    <property name="sun.cpu.isalist" value=""/>
  </properties>
  <testcase time="0.002" classname="au.org.theark.lims.TestHomePage" name="testRenderMyPage"/>
</testsuite>